2018-06-20 08:01:48 INFO 节点192.168.137.5开始安装...
2018-06-20 08:01:49 INFO Connected (version 2.0, client OpenSSH_6.6.1)
2018-06-20 08:01:49 INFO Authentication (publickey) successful!
2018-06-20 08:01:49 INFO cd ~
2018-06-20 08:01:49 INFO 
2018-06-20 08:02:07 INFO yum install -y git
2018-06-20 08:02:07 INFO Loaded plugins: fastestmirror, langpacks
Loading mirror speeds from cached hostfile
 * base: mirror.rise.ph
 * extras: mirror.rise.ph
 * updates: mirror.rise.ph
Resolving Dependencies
--> Running transaction check
---> Package git.x86_64 0:1.8.3.1-13.el7 will be installed
--> Processing Dependency: perl-Git = 1.8.3.1-13.el7 for package: git-1.8.3.1-13.el7.x86_64
--> Processing Dependency: perl(Git) for package: git-1.8.3.1-13.el7.x86_64
--> Running transaction check
---> Package perl-Git.noarch 0:1.8.3.1-13.el7 will be installed
--> Finished Dependency Resolution

Dependencies Resolved

================================================================================
 Package           Arch            Version                  Repository     Size
================================================================================
Installing:
 git               x86_64          1.8.3.1-13.el7           base          4.4 M
Installing for dependencies:
 perl-Git          noarch          1.8.3.1-13.el7           base           54 k

Transaction Summary
================================================================================
Install  1 Package (+1 Dependent package)

Total download size: 4.4 M
Installed size: 22 M
Downloading packages:
--------------------------------------------------------------------------------
Total                                              531 kB/s | 4.4 MB  00:08     
Running transaction check
Running transaction test
Transaction test succeeded
Running transaction
  Installing : perl-Git-1.8.3.1-13.el7.noarch                               1/2 
  Installing : git-1.8.3.1-13.el7.x86_64                                    2/2 
  Verifying  : git-1.8.3.1-13.el7.x86_64                                    1/2 
  Verifying  : perl-Git-1.8.3.1-13.el7.noarch                               2/2 

Installed:
  git.x86_64 0:1.8.3.1-13.el7                                                   

Dependency Installed:
  perl-Git.noarch 0:1.8.3.1-13.el7                                              

Complete!

2018-06-20 08:02:26 INFO git clone https://github.com/ouhaohan8023/SSR_server.git
2018-06-20 08:02:26 INFO Cloning into 'SSR_server'...

2018-06-20 08:02:26 INFO cd SSR_server;cp config.json user-config.json;cp apiconfig.py userapiconfig.py;chmod +x run.sh
2018-06-20 08:02:26 INFO 
2018-06-20 08:02:26 INFO systemctl stop firewalld
2018-06-20 08:02:26 INFO 
2018-06-20 08:02:26 INFO Connected (version 2.0, client OpenSSH_6.6.1)
2018-06-20 08:02:26 INFO Authentication (password) successful!
2018-06-20 08:02:26 INFO [chan 0] Opened sftp connection (server version 3)
2018-06-20 08:02:26 INFO cd /root/SSR_server;./run.sh
2018-06-20 08:02:26 INFO node 192.168.137.5 deployment was successful!
2018-06-20 08:55:41 INFO 节点192.168.137.5开始安装...
2018-06-20 08:55:41 INFO Connected (version 2.0, client OpenSSH_6.6.1)
2018-06-20 08:55:41 INFO Authentication (publickey) successful!
2018-06-20 08:55:42 INFO cd ~
2018-06-20 08:55:42 INFO 
2018-06-20 08:56:00 INFO yum install -y git
2018-06-20 08:56:00 INFO Loaded plugins: fastestmirror, langpacks
Loading mirror speeds from cached hostfile
 * base: mirror.rise.ph
 * extras: mirror.rise.ph
 * updates: mirror.rise.ph
Resolving Dependencies
--> Running transaction check
---> Package git.x86_64 0:1.8.3.1-13.el7 will be installed
--> Processing Dependency: perl-Git = 1.8.3.1-13.el7 for package: git-1.8.3.1-13.el7.x86_64
--> Processing Dependency: perl(Git) for package: git-1.8.3.1-13.el7.x86_64
--> Running transaction check
---> Package perl-Git.noarch 0:1.8.3.1-13.el7 will be installed
--> Finished Dependency Resolution

Dependencies Resolved

================================================================================
 Package           Arch            Version                  Repository     Size
================================================================================
Installing:
 git               x86_64          1.8.3.1-13.el7           base          4.4 M
Installing for dependencies:
 perl-Git          noarch          1.8.3.1-13.el7           base           54 k

Transaction Summary
================================================================================
Install  1 Package (+1 Dependent package)

Total download size: 4.4 M
Installed size: 22 M
Downloading packages:
--------------------------------------------------------------------------------
Total                                              557 kB/s | 4.4 MB  00:08     
Running transaction check
Running transaction test
Transaction test succeeded
Running transaction
  Installing : perl-Git-1.8.3.1-13.el7.noarch                               1/2 
  Installing : git-1.8.3.1-13.el7.x86_64                                    2/2 
  Verifying  : git-1.8.3.1-13.el7.x86_64                                    1/2 
  Verifying  : perl-Git-1.8.3.1-13.el7.noarch                               2/2 

Installed:
  git.x86_64 0:1.8.3.1-13.el7                                                   

Dependency Installed:
  perl-Git.noarch 0:1.8.3.1-13.el7                                              

Complete!

2018-06-20 08:56:21 INFO git clone https://github.com/ouhaohan8023/SSR_server.git
2018-06-20 08:56:21 INFO Cloning into 'SSR_server'...

2018-06-20 08:56:22 INFO cd SSR_server;cp config.json user-config.json;cp apiconfig.py userapiconfig.py;chmod +x run.sh
2018-06-20 08:56:22 INFO 
2018-06-20 08:56:22 INFO systemctl stop firewalld
2018-06-20 08:56:22 INFO 
2018-06-20 08:56:22 INFO Connected (version 2.0, client OpenSSH_6.6.1)
2018-06-20 08:56:22 INFO Authentication (password) successful!
2018-06-20 08:56:22 INFO [chan 0] Opened sftp connection (server version 3)
2018-06-20 08:56:22 INFO cd /root/SSR_server;./run.sh
2018-06-20 08:56:22 INFO node 192.168.137.5 deployment was successful!
2018-06-20 09:28:41 INFO 节点192.168.137.5开始安装...
2018-06-20 09:28:41 INFO Connected (version 2.0, client OpenSSH_6.6.1)
2018-06-20 09:28:41 INFO Authentication (publickey) successful!
2018-06-20 09:28:42 INFO cd ~
2018-06-20 09:28:42 INFO 
2018-06-20 09:28:42 INFO yum install -y git
2018-06-20 09:28:42 INFO Loaded plugins: fastestmirror, langpacks
Loading mirror speeds from cached hostfile
 * base: mirror.rise.ph
 * extras: mirror.rise.ph
 * updates: mirror.rise.ph
Package git-1.8.3.1-13.el7.x86_64 already installed and latest version
Nothing to do

2018-06-20 09:28:42 INFO git clone https://github.com/ouhaohan8023/SSR_server.git
2018-06-20 09:28:42 WARNING error occurred while executing command:git clone https://github.com/ouhaohan8023/SSR_server.git,error message:
fatal: destination path 'SSR_server' already exists and is not an empty directory.

2018-06-20 09:29:45 INFO 节点192.168.137.5开始安装...
2018-06-20 09:29:45 INFO Connected (version 2.0, client OpenSSH_6.6.1)
2018-06-20 09:29:45 INFO Authentication (publickey) successful!
2018-06-20 09:29:45 INFO cd ~
2018-06-20 09:29:45 INFO 
2018-06-20 09:29:45 INFO yum install -y git
2018-06-20 09:29:45 INFO Loaded plugins: fastestmirror, langpacks
Loading mirror speeds from cached hostfile
 * base: mirror.rise.ph
 * extras: mirror.rise.ph
 * updates: mirror.rise.ph
Package git-1.8.3.1-13.el7.x86_64 already installed and latest version
Nothing to do

2018-06-20 09:30:01 INFO git clone https://github.com/ouhaohan8023/SSR_server.git
2018-06-20 09:30:01 INFO Cloning into 'SSR_server'...

2018-06-20 09:30:01 INFO cd SSR_server;cp config.json user-config.json;cp apiconfig.py userapiconfig.py;chmod +x run.sh
2018-06-20 09:30:01 INFO 
2018-06-20 09:30:01 INFO systemctl stop firewalld
2018-06-20 09:30:01 INFO 
2018-06-20 09:30:01 INFO Connected (version 2.0, client OpenSSH_6.6.1)
2018-06-20 09:30:03 INFO Authentication (password) failed.
2018-06-20 09:30:03 WARNING Failed to upload mysql configuration file to remote node:line no 138,error message:Authentication failed.
2018-06-20 09:30:46 INFO 节点192.168.137.5开始安装...
2018-06-20 09:30:46 INFO Connected (version 2.0, client OpenSSH_6.6.1)
2018-06-20 09:30:46 INFO Authentication (publickey) successful!
2018-06-20 09:30:46 INFO cd ~
2018-06-20 09:30:46 INFO 
2018-06-20 09:30:47 INFO yum install -y git
2018-06-20 09:30:47 INFO Loaded plugins: fastestmirror, langpacks
Loading mirror speeds from cached hostfile
 * base: mirror.rise.ph
 * extras: mirror.rise.ph
 * updates: mirror.rise.ph
Package git-1.8.3.1-13.el7.x86_64 already installed and latest version
Nothing to do

2018-06-20 09:30:47 INFO git clone https://github.com/ouhaohan8023/SSR_server.git
2018-06-20 09:30:47 WARNING error occurred while executing command:git clone https://github.com/ouhaohan8023/SSR_server.git,error message:
fatal: destination path 'SSR_server' already exists and is not an empty directory.

2018-06-20 09:30:54 INFO 节点192.168.137.5开始安装...
2018-06-20 09:30:54 INFO Connected (version 2.0, client OpenSSH_6.6.1)
2018-06-20 09:30:55 INFO Authentication (publickey) successful!
2018-06-20 09:30:55 INFO cd ~
2018-06-20 09:30:55 INFO 
2018-06-20 09:30:55 INFO yum install -y git
2018-06-20 09:30:55 INFO Loaded plugins: fastestmirror, langpacks
Loading mirror speeds from cached hostfile
 * base: mirror.rise.ph
 * extras: mirror.rise.ph
 * updates: mirror.rise.ph
Package git-1.8.3.1-13.el7.x86_64 already installed and latest version
Nothing to do

2018-06-20 09:31:13 INFO git clone https://github.com/ouhaohan8023/SSR_server.git
2018-06-20 09:31:13 INFO Cloning into 'SSR_server'...

2018-06-20 09:31:13 INFO cd SSR_server;cp config.json user-config.json;cp apiconfig.py userapiconfig.py;chmod +x run.sh
2018-06-20 09:31:13 INFO 
2018-06-20 09:31:13 INFO systemctl stop firewalld
2018-06-20 09:31:13 INFO 
2018-06-20 09:31:13 INFO Connected (version 2.0, client OpenSSH_6.6.1)
2018-06-20 09:31:16 INFO Authentication (password) failed.
2018-06-20 09:31:16 WARNING Failed to upload mysql configuration file to remote node:line no 138,error message:Authentication failed.
2018-06-20 09:35:11 INFO 节点192.168.137.5开始安装...
2018-06-20 09:35:11 INFO Connected (version 2.0, client OpenSSH_6.6.1)
2018-06-20 09:35:11 INFO Authentication (publickey) successful!
2018-06-20 09:35:11 INFO cd ~
2018-06-20 09:35:11 INFO 
2018-06-20 09:35:12 INFO yum install -y git
2018-06-20 09:35:12 INFO Loaded plugins: fastestmirror, langpacks
Loading mirror speeds from cached hostfile
 * base: mirror.rise.ph
 * extras: mirror.rise.ph
 * updates: mirror.rise.ph
Package git-1.8.3.1-13.el7.x86_64 already installed and latest version
Nothing to do

2018-06-20 09:35:12 INFO git clone https://github.com/ouhaohan8023/SSR_server.git
2018-06-20 09:35:12 WARNING error occurred while executing command:git clone https://github.com/ouhaohan8023/SSR_server.git,error message:
fatal: destination path 'SSR_server' already exists and is not an empty directory.

2018-06-20 09:36:10 INFO 节点192.168.137.5开始安装...
2018-06-20 09:36:10 INFO Connected (version 2.0, client OpenSSH_6.6.1)
2018-06-20 09:36:10 INFO Authentication (publickey) successful!
2018-06-20 09:36:10 INFO cd ~
2018-06-20 09:36:10 INFO 
2018-06-20 09:36:11 INFO yum install -y git
2018-06-20 09:36:11 INFO Loaded plugins: fastestmirror, langpacks
Loading mirror speeds from cached hostfile
 * base: mirror.rise.ph
 * extras: mirror.rise.ph
 * updates: mirror.rise.ph
Package git-1.8.3.1-13.el7.x86_64 already installed and latest version
Nothing to do

2018-06-20 09:36:11 INFO git clone https://github.com/ouhaohan8023/SSR_server.git
2018-06-20 09:36:11 WARNING error occurred while executing command:git clone https://github.com/ouhaohan8023/SSR_server.git,error message:
fatal: destination path 'SSR_server' already exists and is not an empty directory.

